<?xml version="1.0" encoding="UTF-8"?>
<!-- Generated by org.testng.reporters.JUnitReportReporter -->
<testsuite hostname="LD-RATIRANJAN" failures="0" tests="1" name="cloud_technology.Sign_in" time="20.791" errors="0" timestamp="2023-08-09T12:48:25 IST" skipped="0">
  <testcase classname="cloud_technology.Sign_in" name="login" time="20.791"/>
  <system-out/>
</testsuite> <!-- cloud_technology.Sign_in -->
